<?xml version="1.0" encoding="UTF-8"?>
<testsuite xmlns:xsi="http://www.w3.org/2001/XMLSchema-instance" xsi:noNamespaceSchemaLocation="https://maven.apache.org/surefire/maven-surefire-plugin/xsd/surefire-test-report-3.0.xsd" version="3.0" name="it.daniele.service.GestioneSistemaScolasticoTest" time="5.754" tests="7" errors="0" skipped="0" failures="0">
  <properties>
    <property name="sun.desktop" value="windows"/>
    <property name="awt.toolkit" value="sun.awt.windows.WToolkit"/>
    <property name="file.encoding.pkg" value="sun.io"/>
    <property name="java.specification.version" value="1.8"/>
    <property name="sun.cpu.isalist" value="amd64"/>
    <property name="sun.jnu.encoding" value="Cp1252"/>
    <property name="java.class.path" value="C:\Users\danie\DanieleWorkspace\betacom-course\projectSistemaScolatico\target\test-classes;C:\Users\danie\DanieleWorkspace\betacom-course\projectSistemaScolatico\target\classes;C:\Users\danie\.m2\repository\org\hibernate\hibernate-core\5.4.32.Final\hibernate-core-5.4.32.Final.jar;C:\Users\danie\.m2\repository\org\jboss\logging\jboss-logging\3.4.1.Final\jboss-logging-3.4.1.Final.jar;C:\Users\danie\.m2\repository\org\javassist\javassist\3.27.0-GA\javassist-3.27.0-GA.jar;C:\Users\danie\.m2\repository\net\bytebuddy\byte-buddy\1.10.22\byte-buddy-1.10.22.jar;C:\Users\danie\.m2\repository\antlr\antlr\2.7.7\antlr-2.7.7.jar;C:\Users\danie\.m2\repository\org\jboss\spec\javax\transaction\jboss-transaction-api_1.2_spec\1.1.1.Final\jboss-transaction-api_1.2_spec-1.1.1.Final.jar;C:\Users\danie\.m2\repository\org\jboss\jandex\2.2.3.Final\jandex-2.2.3.Final.jar;C:\Users\danie\.m2\repository\com\fasterxml\classmate\1.5.1\classmate-1.5.1.jar;C:\Users\danie\.m2\repository\javax\activation\javax.activation-api\1.2.0\javax.activation-api-1.2.0.jar;C:\Users\danie\.m2\repository\org\dom4j\dom4j\2.1.3\dom4j-2.1.3.jar;C:\Users\danie\.m2\repository\org\hibernate\common\hibernate-commons-annotations\5.1.2.Final\hibernate-commons-annotations-5.1.2.Final.jar;C:\Users\danie\.m2\repository\javax\xml\bind\jaxb-api\2.3.1\jaxb-api-2.3.1.jar;C:\Users\danie\.m2\repository\org\glassfish\jaxb\jaxb-runtime\2.3.1\jaxb-runtime-2.3.1.jar;C:\Users\danie\.m2\repository\org\glassfish\jaxb\txw2\2.3.1\txw2-2.3.1.jar;C:\Users\danie\.m2\repository\com\sun\istack\istack-commons-runtime\3.0.7\istack-commons-runtime-3.0.7.jar;C:\Users\danie\.m2\repository\org\jvnet\staxex\stax-ex\1.8\stax-ex-1.8.jar;C:\Users\danie\.m2\repository\com\sun\xml\fastinfoset\FastInfoset\1.2.15\FastInfoset-1.2.15.jar;C:\Users\danie\.m2\repository\javax\persistence\javax.persistence-api\2.2\javax.persistence-api-2.2.jar;C:\Users\danie\.m2\repository\mysql\mysql-connector-java\8.0.26\mysql-connector-java-8.0.26.jar;C:\Users\danie\.m2\repository\com\google\protobuf\protobuf-java\3.11.4\protobuf-java-3.11.4.jar;C:\Users\danie\.m2\repository\org\junit\jupiter\junit-jupiter-api\5.9.2\junit-jupiter-api-5.9.2.jar;C:\Users\danie\.m2\repository\org\opentest4j\opentest4j\1.2.0\opentest4j-1.2.0.jar;C:\Users\danie\.m2\repository\org\junit\platform\junit-platform-commons\1.9.2\junit-platform-commons-1.9.2.jar;C:\Users\danie\.m2\repository\org\apiguardian\apiguardian-api\1.1.2\apiguardian-api-1.1.2.jar;"/>
    <property name="java.vm.vendor" value="Oracle Corporation"/>
    <property name="sun.arch.data.model" value="64"/>
    <property name="user.variant" value=""/>
    <property name="java.vendor.url" value="http://java.oracle.com/"/>
    <property name="user.timezone" value="Europe/Berlin"/>
    <property name="java.vm.specification.version" value="1.8"/>
    <property name="os.name" value="Windows 10"/>
    <property name="user.country" value="IT"/>
    <property name="sun.java.launcher" value="SUN_STANDARD"/>
    <property name="sun.boot.library.path" value="C:\Program Files\Java\jdk1.8.0_202\jre\bin"/>
    <property name="sun.java.command" value="C:\Users\danie\AppData\Local\Temp\surefire3414917866432590921\surefirebooter-20230329115040749_3.jar C:\Users\danie\AppData\Local\Temp\surefire3414917866432590921 2023-03-29T11-50-40_035-jvmRun1 surefire-20230329115040749_1tmp surefire_0-20230329115040749_2tmp"/>
    <property name="surefire.test.class.path" value="C:\Users\danie\DanieleWorkspace\betacom-course\projectSistemaScolatico\target\test-classes;C:\Users\danie\DanieleWorkspace\betacom-course\projectSistemaScolatico\target\classes;C:\Users\danie\.m2\repository\org\hibernate\hibernate-core\5.4.32.Final\hibernate-core-5.4.32.Final.jar;C:\Users\danie\.m2\repository\org\jboss\logging\jboss-logging\3.4.1.Final\jboss-logging-3.4.1.Final.jar;C:\Users\danie\.m2\repository\org\javassist\javassist\3.27.0-GA\javassist-3.27.0-GA.jar;C:\Users\danie\.m2\repository\net\bytebuddy\byte-buddy\1.10.22\byte-buddy-1.10.22.jar;C:\Users\danie\.m2\repository\antlr\antlr\2.7.7\antlr-2.7.7.jar;C:\Users\danie\.m2\repository\org\jboss\spec\javax\transaction\jboss-transaction-api_1.2_spec\1.1.1.Final\jboss-transaction-api_1.2_spec-1.1.1.Final.jar;C:\Users\danie\.m2\repository\org\jboss\jandex\2.2.3.Final\jandex-2.2.3.Final.jar;C:\Users\danie\.m2\repository\com\fasterxml\classmate\1.5.1\classmate-1.5.1.jar;C:\Users\danie\.m2\repository\javax\activation\javax.activation-api\1.2.0\javax.activation-api-1.2.0.jar;C:\Users\danie\.m2\repository\org\dom4j\dom4j\2.1.3\dom4j-2.1.3.jar;C:\Users\danie\.m2\repository\org\hibernate\common\hibernate-commons-annotations\5.1.2.Final\hibernate-commons-annotations-5.1.2.Final.jar;C:\Users\danie\.m2\repository\javax\xml\bind\jaxb-api\2.3.1\jaxb-api-2.3.1.jar;C:\Users\danie\.m2\repository\org\glassfish\jaxb\jaxb-runtime\2.3.1\jaxb-runtime-2.3.1.jar;C:\Users\danie\.m2\repository\org\glassfish\jaxb\txw2\2.3.1\txw2-2.3.1.jar;C:\Users\danie\.m2\repository\com\sun\istack\istack-commons-runtime\3.0.7\istack-commons-runtime-3.0.7.jar;C:\Users\danie\.m2\repository\org\jvnet\staxex\stax-ex\1.8\stax-ex-1.8.jar;C:\Users\danie\.m2\repository\com\sun\xml\fastinfoset\FastInfoset\1.2.15\FastInfoset-1.2.15.jar;C:\Users\danie\.m2\repository\javax\persistence\javax.persistence-api\2.2\javax.persistence-api-2.2.jar;C:\Users\danie\.m2\repository\mysql\mysql-connector-java\8.0.26\mysql-connector-java-8.0.26.jar;C:\Users\danie\.m2\repository\com\google\protobuf\protobuf-java\3.11.4\protobuf-java-3.11.4.jar;C:\Users\danie\.m2\repository\org\junit\jupiter\junit-jupiter-api\5.9.2\junit-jupiter-api-5.9.2.jar;C:\Users\danie\.m2\repository\org\opentest4j\opentest4j\1.2.0\opentest4j-1.2.0.jar;C:\Users\danie\.m2\repository\org\junit\platform\junit-platform-commons\1.9.2\junit-platform-commons-1.9.2.jar;C:\Users\danie\.m2\repository\org\apiguardian\apiguardian-api\1.1.2\apiguardian-api-1.1.2.jar;"/>
    <property name="sun.cpu.endian" value="little"/>
    <property name="user.home" value="C:\Users\danie"/>
    <property name="user.language" value="it"/>
    <property name="java.specification.vendor" value="Oracle Corporation"/>
    <property name="java.home" value="C:\Program Files\Java\jdk1.8.0_202\jre"/>
    <property name="basedir" value="C:\Users\danie\DanieleWorkspace\betacom-course\projectSistemaScolatico"/>
    <property name="file.separator" value="\"/>
    <property name="line.separator" value="&#10;"/>
    <property name="java.vm.specification.vendor" value="Oracle Corporation"/>
    <property name="java.specification.name" value="Java Platform API Specification"/>
    <property name="java.awt.graphicsenv" value="sun.awt.Win32GraphicsEnvironment"/>
    <property name="surefire.real.class.path" value="C:\Users\danie\AppData\Local\Temp\surefire3414917866432590921\surefirebooter-20230329115040749_3.jar"/>
    <property name="sun.boot.class.path" value="C:\Program Files\Java\jdk1.8.0_202\jre\lib\resources.jar;C:\Program Files\Java\jdk1.8.0_202\jre\lib\rt.jar;C:\Program Files\Java\jdk1.8.0_202\jre\lib\sunrsasign.jar;C:\Program Files\Java\jdk1.8.0_202\jre\lib\jsse.jar;C:\Program Files\Java\jdk1.8.0_202\jre\lib\jce.jar;C:\Program Files\Java\jdk1.8.0_202\jre\lib\charsets.jar;C:\Program Files\Java\jdk1.8.0_202\jre\lib\jfr.jar;C:\Program Files\Java\jdk1.8.0_202\jre\classes"/>
    <property name="user.script" value=""/>
    <property name="sun.management.compiler" value="HotSpot 64-Bit Tiered Compilers"/>
    <property name="java.runtime.version" value="1.8.0_202-b08"/>
    <property name="user.name" value="danie"/>
    <property name="path.separator" value=";"/>
    <property name="os.version" value="10.0"/>
    <property name="java.endorsed.dirs" value="C:\Program Files\Java\jdk1.8.0_202\jre\lib\endorsed"/>
    <property name="java.runtime.name" value="Java(TM) SE Runtime Environment"/>
    <property name="file.encoding" value="Cp1252"/>
    <property name="java.vm.name" value="Java HotSpot(TM) 64-Bit Server VM"/>
    <property name="localRepository" value="C:\Users\danie\.m2\repository"/>
    <property name="java.vendor.url.bug" value="http://bugreport.sun.com/bugreport/"/>
    <property name="java.io.tmpdir" value="C:\Users\danie\AppData\Local\Temp\"/>
    <property name="java.version" value="1.8.0_202"/>
    <property name="user.dir" value="C:\Users\danie\DanieleWorkspace\betacom-course\projectSistemaScolatico"/>
    <property name="os.arch" value="amd64"/>
    <property name="java.vm.specification.name" value="Java Virtual Machine Specification"/>
    <property name="java.awt.printerjob" value="sun.awt.windows.WPrinterJob"/>
    <property name="sun.os.patch.level" value=""/>
    <property name="java.library.path" value="C:\Program Files\Java\jdk1.8.0_202\jre\bin;C:\WINDOWS\Sun\Java\bin;C:\WINDOWS\system32;C:\WINDOWS;C:\Users\danie\bin;C:\Program Files\Git\mingw64\bin;C:\Program Files\Git\usr\local\bin;C:\Program Files\Git\usr\bin;C:\Program Files\Git\usr\bin;C:\Program Files\Git\mingw64\bin;C:\Program Files\Git\usr\bin;C:\Users\danie\bin;C:\Program Files\Common Files\Oracle\Java\javapath;C:\Program Files (x86)\Common Files\Oracle\Java\javapath;C:\WINDOWS\system32;C:\WINDOWS;C:\WINDOWS\System32\Wbem;C:\WINDOWS\System32\WindowsPowerShell\v1.0;C:\WINDOWS\System32\OpenSSH;C:\Program Files\Git\cmd;C:\Program Files\Java\jdk1.8.0_202\bin;C:\Program Files\dotnet;C:\Program Files\nodejs;C:\ProgramData\chocolatey\bin;C:\apache-maven-3.9.1\bin;C:\Program Files\MySQL\MySQL Shell 8.0\bin;C:\Users\danie\AppData\Local\Microsoft\WindowsApps;C:\Users\danie\AppData\Local\Programs\Microsoft VS Code\bin;C:\Users\danie\AppData\Roaming\npm;C:\Program Files\Git\usr\bin\vendor_perl;C:\Program Files\Git\usr\bin\core_perl;."/>
    <property name="java.vm.info" value="mixed mode"/>
    <property name="java.vendor" value="Oracle Corporation"/>
    <property name="java.vm.version" value="25.202-b08"/>
    <property name="java.ext.dirs" value="C:\Program Files\Java\jdk1.8.0_202\jre\lib\ext;C:\WINDOWS\Sun\Java\lib\ext"/>
    <property name="sun.io.unicode.encoding" value="UnicodeLittle"/>
    <property name="java.class.version" value="52.0"/>
  </properties>
  <testcase name="testCreaStudente" classname="it.daniele.service.GestioneSistemaScolasticoTest" time="4.403">
    <system-out><![CDATA[Hibernate: insert into studenti (cognome, data_di_nascita, email, indirizzo, nome) values (?, ?, ?, ?, ?)
Hibernate: select studente0_.id as id1_3_0_, studente0_.cognome as cognome2_3_0_, studente0_.data_di_nascita as data_di_3_3_0_, studente0_.email as email4_3_0_, studente0_.indirizzo as indirizz5_3_0_, studente0_.nome as nome6_3_0_ from studenti studente0_ where studente0_.id=?
]]></system-out>
    <system-err><![CDATA[mar 29, 2023 11:50:42 AM org.hibernate.jpa.internal.util.LogHelper logPersistenceUnitInformation
INFO: HHH000204: Processing PersistenceUnitInfo [name: projectSistemaScolastico]
mar 29, 2023 11:50:42 AM org.hibernate.Version logVersion
INFO: HHH000412: Hibernate ORM core version 5.4.32.Final
mar 29, 2023 11:50:42 AM org.hibernate.annotations.common.reflection.java.JavaReflectionManager <clinit>
INFO: HCANN000001: Hibernate Commons Annotations {5.1.2.Final}
mar 29, 2023 11:50:43 AM org.hibernate.engine.jdbc.connections.internal.DriverManagerConnectionProviderImpl configure
WARN: HHH10001002: Using Hibernate built-in connection pool (not for production use!)
mar 29, 2023 11:50:43 AM org.hibernate.engine.jdbc.connections.internal.DriverManagerConnectionProviderImpl buildCreator
INFO: HHH10001005: using driver [com.mysql.cj.jdbc.Driver] at URL [jdbc:mysql://localhost:3306/sistema_scolastico]
mar 29, 2023 11:50:43 AM org.hibernate.engine.jdbc.connections.internal.DriverManagerConnectionProviderImpl buildCreator
INFO: HHH10001001: Connection properties: {user=root, password=****}
mar 29, 2023 11:50:43 AM org.hibernate.engine.jdbc.connections.internal.DriverManagerConnectionProviderImpl buildCreator
INFO: HHH10001003: Autocommit mode: false
mar 29, 2023 11:50:43 AM org.hibernate.engine.jdbc.connections.internal.DriverManagerConnectionProviderImpl$PooledConnections <init>
INFO: HHH000115: Hibernate connection pool size: 20 (min=1)
mar 29, 2023 11:50:44 AM org.hibernate.dialect.Dialect <init>
INFO: HHH000400: Using dialect: org.hibernate.dialect.MySQL8Dialect
mar 29, 2023 11:50:45 AM org.hibernate.resource.transaction.backend.jdbc.internal.DdlTransactionIsolatorNonJtaImpl getIsolatedConnection
INFO: HHH10001501: Connection obtained from JdbcConnectionAccess [org.hibernate.engine.jdbc.env.internal.JdbcEnvironmentInitiator$ConnectionProviderJdbcConnectionAccess@554cd74a] for (non-JTA) DDL execution was not in auto-commit mode; the Connection 'local transaction' will be committed and the Connection will be set into auto-commit mode.
mar 29, 2023 11:50:45 AM org.hibernate.engine.transaction.jta.platform.internal.JtaPlatformInitiator initiateService
INFO: HHH000490: Using JtaPlatform implementation: [org.hibernate.engine.transaction.jta.platform.internal.NoJtaPlatform]
]]></system-err>
  </testcase>
  <testcase name="testEliminaInsegnante" classname="it.daniele.service.GestioneSistemaScolasticoTest" time="0.218">
    <system-out><![CDATA[Hibernate: insert into insegnanti (cognome, data_di_nascita, email, indirizzo, materia_insegnata, nome) values (?, ?, ?, ?, ?, ?)
Hibernate: select insegnante0_.id as id1_1_0_, insegnante0_.cognome as cognome2_1_0_, insegnante0_.data_di_nascita as data_di_3_1_0_, insegnante0_.email as email4_1_0_, insegnante0_.indirizzo as indirizz5_1_0_, insegnante0_.materia_insegnata as materia_6_1_0_, insegnante0_.nome as nome7_1_0_ from insegnanti insegnante0_ where insegnante0_.id=?
Hibernate: delete from insegnanti where id=?
Hibernate: select insegnante0_.id as id1_1_0_, insegnante0_.cognome as cognome2_1_0_, insegnante0_.data_di_nascita as data_di_3_1_0_, insegnante0_.email as email4_1_0_, insegnante0_.indirizzo as indirizz5_1_0_, insegnante0_.materia_insegnata as materia_6_1_0_, insegnante0_.nome as nome7_1_0_ from insegnanti insegnante0_ where insegnante0_.id=?
]]></system-out>
    <system-err><![CDATA[mar 29, 2023 11:50:46 AM org.hibernate.jpa.internal.util.LogHelper logPersistenceUnitInformation
INFO: HHH000204: Processing PersistenceUnitInfo [name: projectSistemaScolastico]
mar 29, 2023 11:50:46 AM org.hibernate.engine.jdbc.connections.internal.DriverManagerConnectionProviderImpl configure
WARN: HHH10001002: Using Hibernate built-in connection pool (not for production use!)
mar 29, 2023 11:50:46 AM org.hibernate.engine.jdbc.connections.internal.DriverManagerConnectionProviderImpl buildCreator
INFO: HHH10001005: using driver [com.mysql.cj.jdbc.Driver] at URL [jdbc:mysql://localhost:3306/sistema_scolastico]
mar 29, 2023 11:50:46 AM org.hibernate.engine.jdbc.connections.internal.DriverManagerConnectionProviderImpl buildCreator
INFO: HHH10001001: Connection properties: {user=root, password=****}
mar 29, 2023 11:50:46 AM org.hibernate.engine.jdbc.connections.internal.DriverManagerConnectionProviderImpl buildCreator
INFO: HHH10001003: Autocommit mode: false
mar 29, 2023 11:50:46 AM org.hibernate.engine.jdbc.connections.internal.DriverManagerConnectionProviderImpl$PooledConnections <init>
INFO: HHH000115: Hibernate connection pool size: 20 (min=1)
mar 29, 2023 11:50:46 AM org.hibernate.dialect.Dialect <init>
INFO: HHH000400: Using dialect: org.hibernate.dialect.MySQL8Dialect
mar 29, 2023 11:50:46 AM org.hibernate.resource.transaction.backend.jdbc.internal.DdlTransactionIsolatorNonJtaImpl getIsolatedConnection
INFO: HHH10001501: Connection obtained from JdbcConnectionAccess [org.hibernate.engine.jdbc.env.internal.JdbcEnvironmentInitiator$ConnectionProviderJdbcConnectionAccess@1cd3b138] for (non-JTA) DDL execution was not in auto-commit mode; the Connection 'local transaction' will be committed and the Connection will be set into auto-commit mode.
mar 29, 2023 11:50:46 AM org.hibernate.engine.transaction.jta.platform.internal.JtaPlatformInitiator initiateService
INFO: HHH000490: Using JtaPlatform implementation: [org.hibernate.engine.transaction.jta.platform.internal.NoJtaPlatform]
]]></system-err>
  </testcase>
  <testcase name="testAnnullaIscrizione" classname="it.daniele.service.GestioneSistemaScolasticoTest" time="0.409">
    <system-out><![CDATA[Hibernate: insert into studenti (cognome, data_di_nascita, email, indirizzo, nome) values (?, ?, ?, ?, ?)
Hibernate: insert into corsi (crediti, descrizione, insegnante_id, titolo) values (?, ?, ?, ?)
Hibernate: select studente0_.id as id1_3_0_, studente0_.cognome as cognome2_3_0_, studente0_.data_di_nascita as data_di_3_3_0_, studente0_.email as email4_3_0_, studente0_.indirizzo as indirizz5_3_0_, studente0_.nome as nome6_3_0_ from studenti studente0_ where studente0_.id=?
Hibernate: select corso0_.id as id1_0_0_, corso0_.crediti as crediti2_0_0_, corso0_.descrizione as descrizi3_0_0_, corso0_.insegnante_id as insegnan5_0_0_, corso0_.titolo as titolo4_0_0_, insegnante1_.id as id1_1_1_, insegnante1_.cognome as cognome2_1_1_, insegnante1_.data_di_nascita as data_di_3_1_1_, insegnante1_.email as email4_1_1_, insegnante1_.indirizzo as indirizz5_1_1_, insegnante1_.materia_insegnata as materia_6_1_1_, insegnante1_.nome as nome7_1_1_ from corsi corso0_ left outer join insegnanti insegnante1_ on corso0_.insegnante_id=insegnante1_.id where corso0_.id=?
Hibernate: insert into iscrizioni (corso_id, data_iscrizione, studente_id, voto) values (?, ?, ?, ?)
Hibernate: select iscrizione0_.id as id1_2_, iscrizione0_.corso_id as corso_id4_2_, iscrizione0_.data_iscrizione as data_isc2_2_, iscrizione0_.studente_id as studente5_2_, iscrizione0_.voto as voto3_2_ from iscrizioni iscrizione0_ where iscrizione0_.studente_id=? and iscrizione0_.corso_id=?
Hibernate: select corso0_.id as id1_0_0_, corso0_.crediti as crediti2_0_0_, corso0_.descrizione as descrizi3_0_0_, corso0_.insegnante_id as insegnan5_0_0_, corso0_.titolo as titolo4_0_0_, insegnante1_.id as id1_1_1_, insegnante1_.cognome as cognome2_1_1_, insegnante1_.data_di_nascita as data_di_3_1_1_, insegnante1_.email as email4_1_1_, insegnante1_.indirizzo as indirizz5_1_1_, insegnante1_.materia_insegnata as materia_6_1_1_, insegnante1_.nome as nome7_1_1_ from corsi corso0_ left outer join insegnanti insegnante1_ on corso0_.insegnante_id=insegnante1_.id where corso0_.id=?
Hibernate: select studente0_.id as id1_3_0_, studente0_.cognome as cognome2_3_0_, studente0_.data_di_nascita as data_di_3_3_0_, studente0_.email as email4_3_0_, studente0_.indirizzo as indirizz5_3_0_, studente0_.nome as nome6_3_0_ from studenti studente0_ where studente0_.id=?
Hibernate: select iscrizione0_.id as id1_2_0_, iscrizione0_.corso_id as corso_id4_2_0_, iscrizione0_.data_iscrizione as data_isc2_2_0_, iscrizione0_.studente_id as studente5_2_0_, iscrizione0_.voto as voto3_2_0_, corso1_.id as id1_0_1_, corso1_.crediti as crediti2_0_1_, corso1_.descrizione as descrizi3_0_1_, corso1_.insegnante_id as insegnan5_0_1_, corso1_.titolo as titolo4_0_1_, insegnante2_.id as id1_1_2_, insegnante2_.cognome as cognome2_1_2_, insegnante2_.data_di_nascita as data_di_3_1_2_, insegnante2_.email as email4_1_2_, insegnante2_.indirizzo as indirizz5_1_2_, insegnante2_.materia_insegnata as materia_6_1_2_, insegnante2_.nome as nome7_1_2_, studente3_.id as id1_3_3_, studente3_.cognome as cognome2_3_3_, studente3_.data_di_nascita as data_di_3_3_3_, studente3_.email as email4_3_3_, studente3_.indirizzo as indirizz5_3_3_, studente3_.nome as nome6_3_3_ from iscrizioni iscrizione0_ left outer join corsi corso1_ on iscrizione0_.corso_id=corso1_.id left outer join insegnanti insegnante2_ on corso1_.insegnante_id=insegnante2_.id left outer join studenti studente3_ on iscrizione0_.studente_id=studente3_.id where iscrizione0_.id=?
Hibernate: delete from iscrizioni where id=?
Hibernate: select iscrizione0_.id as id1_2_0_, iscrizione0_.corso_id as corso_id4_2_0_, iscrizione0_.data_iscrizione as data_isc2_2_0_, iscrizione0_.studente_id as studente5_2_0_, iscrizione0_.voto as voto3_2_0_, corso1_.id as id1_0_1_, corso1_.crediti as crediti2_0_1_, corso1_.descrizione as descrizi3_0_1_, corso1_.insegnante_id as insegnan5_0_1_, corso1_.titolo as titolo4_0_1_, insegnante2_.id as id1_1_2_, insegnante2_.cognome as cognome2_1_2_, insegnante2_.data_di_nascita as data_di_3_1_2_, insegnante2_.email as email4_1_2_, insegnante2_.indirizzo as indirizz5_1_2_, insegnante2_.materia_insegnata as materia_6_1_2_, insegnante2_.nome as nome7_1_2_, studente3_.id as id1_3_3_, studente3_.cognome as cognome2_3_3_, studente3_.data_di_nascita as data_di_3_3_3_, studente3_.email as email4_3_3_, studente3_.indirizzo as indirizz5_3_3_, studente3_.nome as nome6_3_3_ from iscrizioni iscrizione0_ left outer join corsi corso1_ on iscrizione0_.corso_id=corso1_.id left outer join insegnanti insegnante2_ on corso1_.insegnante_id=insegnante2_.id left outer join studenti studente3_ on iscrizione0_.studente_id=studente3_.id where iscrizione0_.id=?
]]></system-out>
    <system-err><![CDATA[mar 29, 2023 11:50:46 AM org.hibernate.jpa.internal.util.LogHelper logPersistenceUnitInformation
INFO: HHH000204: Processing PersistenceUnitInfo [name: projectSistemaScolastico]
mar 29, 2023 11:50:46 AM org.hibernate.engine.jdbc.connections.internal.DriverManagerConnectionProviderImpl configure
WARN: HHH10001002: Using Hibernate built-in connection pool (not for production use!)
mar 29, 2023 11:50:46 AM org.hibernate.engine.jdbc.connections.internal.DriverManagerConnectionProviderImpl buildCreator
INFO: HHH10001005: using driver [com.mysql.cj.jdbc.Driver] at URL [jdbc:mysql://localhost:3306/sistema_scolastico]
mar 29, 2023 11:50:46 AM org.hibernate.engine.jdbc.connections.internal.DriverManagerConnectionProviderImpl buildCreator
INFO: HHH10001001: Connection properties: {user=root, password=****}
mar 29, 2023 11:50:46 AM org.hibernate.engine.jdbc.connections.internal.DriverManagerConnectionProviderImpl buildCreator
INFO: HHH10001003: Autocommit mode: false
mar 29, 2023 11:50:46 AM org.hibernate.engine.jdbc.connections.internal.DriverManagerConnectionProviderImpl$PooledConnections <init>
INFO: HHH000115: Hibernate connection pool size: 20 (min=1)
mar 29, 2023 11:50:46 AM org.hibernate.dialect.Dialect <init>
INFO: HHH000400: Using dialect: org.hibernate.dialect.MySQL8Dialect
mar 29, 2023 11:50:46 AM org.hibernate.resource.transaction.backend.jdbc.internal.DdlTransactionIsolatorNonJtaImpl getIsolatedConnection
INFO: HHH10001501: Connection obtained from JdbcConnectionAccess [org.hibernate.engine.jdbc.env.internal.JdbcEnvironmentInitiator$ConnectionProviderJdbcConnectionAccess@5981f4a6] for (non-JTA) DDL execution was not in auto-commit mode; the Connection 'local transaction' will be committed and the Connection will be set into auto-commit mode.
mar 29, 2023 11:50:46 AM org.hibernate.engine.transaction.jta.platform.internal.JtaPlatformInitiator initiateService
INFO: HHH000490: Using JtaPlatform implementation: [org.hibernate.engine.transaction.jta.platform.internal.NoJtaPlatform]
]]></system-err>
  </testcase>
  <testcase name="testCreaCorso" classname="it.daniele.service.GestioneSistemaScolasticoTest" time="0.184">
    <system-out><![CDATA[Hibernate: insert into corsi (crediti, descrizione, insegnante_id, titolo) values (?, ?, ?, ?)
Hibernate: select corso0_.id as id1_0_0_, corso0_.crediti as crediti2_0_0_, corso0_.descrizione as descrizi3_0_0_, corso0_.insegnante_id as insegnan5_0_0_, corso0_.titolo as titolo4_0_0_, insegnante1_.id as id1_1_1_, insegnante1_.cognome as cognome2_1_1_, insegnante1_.data_di_nascita as data_di_3_1_1_, insegnante1_.email as email4_1_1_, insegnante1_.indirizzo as indirizz5_1_1_, insegnante1_.materia_insegnata as materia_6_1_1_, insegnante1_.nome as nome7_1_1_ from corsi corso0_ left outer join insegnanti insegnante1_ on corso0_.insegnante_id=insegnante1_.id where corso0_.id=?
]]></system-out>
    <system-err><![CDATA[mar 29, 2023 11:50:46 AM org.hibernate.jpa.internal.util.LogHelper logPersistenceUnitInformation
INFO: HHH000204: Processing PersistenceUnitInfo [name: projectSistemaScolastico]
mar 29, 2023 11:50:46 AM org.hibernate.engine.jdbc.connections.internal.DriverManagerConnectionProviderImpl configure
WARN: HHH10001002: Using Hibernate built-in connection pool (not for production use!)
mar 29, 2023 11:50:46 AM org.hibernate.engine.jdbc.connections.internal.DriverManagerConnectionProviderImpl buildCreator
INFO: HHH10001005: using driver [com.mysql.cj.jdbc.Driver] at URL [jdbc:mysql://localhost:3306/sistema_scolastico]
mar 29, 2023 11:50:46 AM org.hibernate.engine.jdbc.connections.internal.DriverManagerConnectionProviderImpl buildCreator
INFO: HHH10001001: Connection properties: {user=root, password=****}
mar 29, 2023 11:50:46 AM org.hibernate.engine.jdbc.connections.internal.DriverManagerConnectionProviderImpl buildCreator
INFO: HHH10001003: Autocommit mode: false
mar 29, 2023 11:50:46 AM org.hibernate.engine.jdbc.connections.internal.DriverManagerConnectionProviderImpl$PooledConnections <init>
INFO: HHH000115: Hibernate connection pool size: 20 (min=1)
mar 29, 2023 11:50:46 AM org.hibernate.dialect.Dialect <init>
INFO: HHH000400: Using dialect: org.hibernate.dialect.MySQL8Dialect
mar 29, 2023 11:50:46 AM org.hibernate.resource.transaction.backend.jdbc.internal.DdlTransactionIsolatorNonJtaImpl getIsolatedConnection
INFO: HHH10001501: Connection obtained from JdbcConnectionAccess [org.hibernate.engine.jdbc.env.internal.JdbcEnvironmentInitiator$ConnectionProviderJdbcConnectionAccess@2740e316] for (non-JTA) DDL execution was not in auto-commit mode; the Connection 'local transaction' will be committed and the Connection will be set into auto-commit mode.
mar 29, 2023 11:50:47 AM org.hibernate.engine.transaction.jta.platform.internal.JtaPlatformInitiator initiateService
INFO: HHH000490: Using JtaPlatform implementation: [org.hibernate.engine.transaction.jta.platform.internal.NoJtaPlatform]
]]></system-err>
  </testcase>
  <testcase name="testCreaInsegnante" classname="it.daniele.service.GestioneSistemaScolasticoTest" time="0.161">
    <system-out><![CDATA[Hibernate: insert into insegnanti (cognome, data_di_nascita, email, indirizzo, materia_insegnata, nome) values (?, ?, ?, ?, ?, ?)
Hibernate: select insegnante0_.id as id1_1_0_, insegnante0_.cognome as cognome2_1_0_, insegnante0_.data_di_nascita as data_di_3_1_0_, insegnante0_.email as email4_1_0_, insegnante0_.indirizzo as indirizz5_1_0_, insegnante0_.materia_insegnata as materia_6_1_0_, insegnante0_.nome as nome7_1_0_ from insegnanti insegnante0_ where insegnante0_.id=?
]]></system-out>
    <system-err><![CDATA[mar 29, 2023 11:50:47 AM org.hibernate.jpa.internal.util.LogHelper logPersistenceUnitInformation
INFO: HHH000204: Processing PersistenceUnitInfo [name: projectSistemaScolastico]
mar 29, 2023 11:50:47 AM org.hibernate.engine.jdbc.connections.internal.DriverManagerConnectionProviderImpl configure
WARN: HHH10001002: Using Hibernate built-in connection pool (not for production use!)
mar 29, 2023 11:50:47 AM org.hibernate.engine.jdbc.connections.internal.DriverManagerConnectionProviderImpl buildCreator
INFO: HHH10001005: using driver [com.mysql.cj.jdbc.Driver] at URL [jdbc:mysql://localhost:3306/sistema_scolastico]
mar 29, 2023 11:50:47 AM org.hibernate.engine.jdbc.connections.internal.DriverManagerConnectionProviderImpl buildCreator
INFO: HHH10001001: Connection properties: {user=root, password=****}
mar 29, 2023 11:50:47 AM org.hibernate.engine.jdbc.connections.internal.DriverManagerConnectionProviderImpl buildCreator
INFO: HHH10001003: Autocommit mode: false
mar 29, 2023 11:50:47 AM org.hibernate.engine.jdbc.connections.internal.DriverManagerConnectionProviderImpl$PooledConnections <init>
INFO: HHH000115: Hibernate connection pool size: 20 (min=1)
mar 29, 2023 11:50:47 AM org.hibernate.dialect.Dialect <init>
INFO: HHH000400: Using dialect: org.hibernate.dialect.MySQL8Dialect
mar 29, 2023 11:50:47 AM org.hibernate.resource.transaction.backend.jdbc.internal.DdlTransactionIsolatorNonJtaImpl getIsolatedConnection
INFO: HHH10001501: Connection obtained from JdbcConnectionAccess [org.hibernate.engine.jdbc.env.internal.JdbcEnvironmentInitiator$ConnectionProviderJdbcConnectionAccess@5a917723] for (non-JTA) DDL execution was not in auto-commit mode; the Connection 'local transaction' will be committed and the Connection will be set into auto-commit mode.
mar 29, 2023 11:50:47 AM org.hibernate.engine.transaction.jta.platform.internal.JtaPlatformInitiator initiateService
INFO: HHH000490: Using JtaPlatform implementation: [org.hibernate.engine.transaction.jta.platform.internal.NoJtaPlatform]
]]></system-err>
  </testcase>
  <testcase name="testEliminaCorso" classname="it.daniele.service.GestioneSistemaScolasticoTest" time="0.162">
    <system-out><![CDATA[Hibernate: insert into corsi (crediti, descrizione, insegnante_id, titolo) values (?, ?, ?, ?)
Hibernate: select corso0_.id as id1_0_0_, corso0_.crediti as crediti2_0_0_, corso0_.descrizione as descrizi3_0_0_, corso0_.insegnante_id as insegnan5_0_0_, corso0_.titolo as titolo4_0_0_, insegnante1_.id as id1_1_1_, insegnante1_.cognome as cognome2_1_1_, insegnante1_.data_di_nascita as data_di_3_1_1_, insegnante1_.email as email4_1_1_, insegnante1_.indirizzo as indirizz5_1_1_, insegnante1_.materia_insegnata as materia_6_1_1_, insegnante1_.nome as nome7_1_1_ from corsi corso0_ left outer join insegnanti insegnante1_ on corso0_.insegnante_id=insegnante1_.id where corso0_.id=?
Hibernate: delete from corsi where id=?
Hibernate: select corso0_.id as id1_0_0_, corso0_.crediti as crediti2_0_0_, corso0_.descrizione as descrizi3_0_0_, corso0_.insegnante_id as insegnan5_0_0_, corso0_.titolo as titolo4_0_0_, insegnante1_.id as id1_1_1_, insegnante1_.cognome as cognome2_1_1_, insegnante1_.data_di_nascita as data_di_3_1_1_, insegnante1_.email as email4_1_1_, insegnante1_.indirizzo as indirizz5_1_1_, insegnante1_.materia_insegnata as materia_6_1_1_, insegnante1_.nome as nome7_1_1_ from corsi corso0_ left outer join insegnanti insegnante1_ on corso0_.insegnante_id=insegnante1_.id where corso0_.id=?
]]></system-out>
    <system-err><![CDATA[mar 29, 2023 11:50:47 AM org.hibernate.jpa.internal.util.LogHelper logPersistenceUnitInformation
INFO: HHH000204: Processing PersistenceUnitInfo [name: projectSistemaScolastico]
mar 29, 2023 11:50:47 AM org.hibernate.engine.jdbc.connections.internal.DriverManagerConnectionProviderImpl configure
WARN: HHH10001002: Using Hibernate built-in connection pool (not for production use!)
mar 29, 2023 11:50:47 AM org.hibernate.engine.jdbc.connections.internal.DriverManagerConnectionProviderImpl buildCreator
INFO: HHH10001005: using driver [com.mysql.cj.jdbc.Driver] at URL [jdbc:mysql://localhost:3306/sistema_scolastico]
mar 29, 2023 11:50:47 AM org.hibernate.engine.jdbc.connections.internal.DriverManagerConnectionProviderImpl buildCreator
INFO: HHH10001001: Connection properties: {user=root, password=****}
mar 29, 2023 11:50:47 AM org.hibernate.engine.jdbc.connections.internal.DriverManagerConnectionProviderImpl buildCreator
INFO: HHH10001003: Autocommit mode: false
mar 29, 2023 11:50:47 AM org.hibernate.engine.jdbc.connections.internal.DriverManagerConnectionProviderImpl$PooledConnections <init>
INFO: HHH000115: Hibernate connection pool size: 20 (min=1)
mar 29, 2023 11:50:47 AM org.hibernate.dialect.Dialect <init>
INFO: HHH000400: Using dialect: org.hibernate.dialect.MySQL8Dialect
mar 29, 2023 11:50:47 AM org.hibernate.resource.transaction.backend.jdbc.internal.DdlTransactionIsolatorNonJtaImpl getIsolatedConnection
INFO: HHH10001501: Connection obtained from JdbcConnectionAccess [org.hibernate.engine.jdbc.env.internal.JdbcEnvironmentInitiator$ConnectionProviderJdbcConnectionAccess@51fc862e] for (non-JTA) DDL execution was not in auto-commit mode; the Connection 'local transaction' will be committed and the Connection will be set into auto-commit mode.
mar 29, 2023 11:50:47 AM org.hibernate.engine.transaction.jta.platform.internal.JtaPlatformInitiator initiateService
INFO: HHH000490: Using JtaPlatform implementation: [org.hibernate.engine.transaction.jta.platform.internal.NoJtaPlatform]
]]></system-err>
  </testcase>
  <testcase name="testEliminaStudente" classname="it.daniele.service.GestioneSistemaScolasticoTest" time="0.171">
    <system-out><![CDATA[Hibernate: insert into studenti (cognome, data_di_nascita, email, indirizzo, nome) values (?, ?, ?, ?, ?)
Hibernate: select studente0_.id as id1_3_0_, studente0_.cognome as cognome2_3_0_, studente0_.data_di_nascita as data_di_3_3_0_, studente0_.email as email4_3_0_, studente0_.indirizzo as indirizz5_3_0_, studente0_.nome as nome6_3_0_ from studenti studente0_ where studente0_.id=?
Hibernate: delete from studenti where id=?
Hibernate: select studente0_.id as id1_3_0_, studente0_.cognome as cognome2_3_0_, studente0_.data_di_nascita as data_di_3_3_0_, studente0_.email as email4_3_0_, studente0_.indirizzo as indirizz5_3_0_, studente0_.nome as nome6_3_0_ from studenti studente0_ where studente0_.id=?
]]></system-out>
    <system-err><![CDATA[mar 29, 2023 11:50:47 AM org.hibernate.jpa.internal.util.LogHelper logPersistenceUnitInformation
INFO: HHH000204: Processing PersistenceUnitInfo [name: projectSistemaScolastico]
mar 29, 2023 11:50:47 AM org.hibernate.engine.jdbc.connections.internal.DriverManagerConnectionProviderImpl configure
WARN: HHH10001002: Using Hibernate built-in connection pool (not for production use!)
mar 29, 2023 11:50:47 AM org.hibernate.engine.jdbc.connections.internal.DriverManagerConnectionProviderImpl buildCreator
INFO: HHH10001005: using driver [com.mysql.cj.jdbc.Driver] at URL [jdbc:mysql://localhost:3306/sistema_scolastico]
mar 29, 2023 11:50:47 AM org.hibernate.engine.jdbc.connections.internal.DriverManagerConnectionProviderImpl buildCreator
INFO: HHH10001001: Connection properties: {user=root, password=****}
mar 29, 2023 11:50:47 AM org.hibernate.engine.jdbc.connections.internal.DriverManagerConnectionProviderImpl buildCreator
INFO: HHH10001003: Autocommit mode: false
mar 29, 2023 11:50:47 AM org.hibernate.engine.jdbc.connections.internal.DriverManagerConnectionProviderImpl$PooledConnections <init>
INFO: HHH000115: Hibernate connection pool size: 20 (min=1)
mar 29, 2023 11:50:47 AM org.hibernate.dialect.Dialect <init>
INFO: HHH000400: Using dialect: org.hibernate.dialect.MySQL8Dialect
mar 29, 2023 11:50:47 AM org.hibernate.resource.transaction.backend.jdbc.internal.DdlTransactionIsolatorNonJtaImpl getIsolatedConnection
INFO: HHH10001501: Connection obtained from JdbcConnectionAccess [org.hibernate.engine.jdbc.env.internal.JdbcEnvironmentInitiator$ConnectionProviderJdbcConnectionAccess@e3b0369] for (non-JTA) DDL execution was not in auto-commit mode; the Connection 'local transaction' will be committed and the Connection will be set into auto-commit mode.
mar 29, 2023 11:50:47 AM org.hibernate.engine.transaction.jta.platform.internal.JtaPlatformInitiator initiateService
INFO: HHH000490: Using JtaPlatform implementation: [org.hibernate.engine.transaction.jta.platform.internal.NoJtaPlatform]
]]></system-err>
  </testcase>
</testsuite>